This is pdfTeX, Version 3.1415926-2.5-1.40.14 (MiKTeX 2.9) (preloaded format=pdflatex 2013.12.8)  25 SEP 2020 13:19
entering extended mode
**D:/Downloads/Р¤РёР·РёРєР°/РџСЂРµРїСЂРёРЅС‚С‹/2019*РќРµРѕРґРЅРѕСЂРѕРґРЅРѕРµ*Рј
РёРєСЂРѕРїРѕР»Рµ/Preprint_Microfield.tex

("D:/Downloads/Р¤РёР·РёРєР°/РџСЂРµРїСЂРёРЅС‚С‹/2019 РќРµРѕРґРЅРѕСЂРѕРґРЅРѕРµ Рј
РёРєСЂРѕРїРѕР»Рµ/Preprint_Microfield.tex"
LaTeX2e <2011/06/27>
Babel <v3.8m> and hyphenation patterns for english, afrikaans, ancientgreek, ar
abic, armenian, assamese, basque, bengali, bokmal, bulgarian, catalan, coptic, 
croatian, czech, danish, dutch, esperanto, estonian, farsi, finnish, french, ga
lician, german, german-x-2013-05-26, greek, gujarati, hindi, hungarian, iceland
ic, indonesian, interlingua, irish, italian, kannada, kurmanji, latin, latvian,
 lithuanian, malayalam, marathi, mongolian, mongolianlmc, monogreek, ngerman, n
german-x-2013-05-26, nynorsk, oriya, panjabi, pinyin, polish, portuguese, roman
ian, russian, sanskrit, serbian, slovak, slovenian, spanish, swedish, swissgerm
an, tamil, telugu, turkish, turkmen, ukenglish, ukrainian, uppersorbian, usengl
ishmax, welsh, loaded.
("C:\Program Files (x86)\TeX\Full_TeX\texmf\tex\latex\base\article.cls"
Document Class: article 2007/10/19 v1.4h Standard LaTeX document class
("C:\Program Files (x86)\TeX\Full_TeX\texmf\tex\latex\base\size12.clo"
File: size12.clo 2007/10/19 v1.4h Standard LaTeX file (size option)
)
\c@part=\count79
\c@section=\count80
\c@subsection=\count81
\c@subsubsection=\count82
\c@paragraph=\count83
\c@subparagraph=\count84
\c@figure=\count85
\c@table=\count86
\abovecaptionskip=\skip41
\belowcaptionskip=\skip42
\bibindent=\dimen102
)
("C:\Program Files (x86)\TeX\Full_TeX\texmf\tex\latex\base\latexsym.sty"
Package: latexsym 1998/08/17 v2.2e Standard LaTeX package (lasy symbols)
\symlasy=\mathgroup4
LaTeX Font Info:    Overwriting symbol font `lasy' in version `bold'
(Font)                  U/lasy/m/n --> U/lasy/b/n on input line 47.
)
("C:\Program Files (x86)\TeX\Full_TeX\texmf\tex\latex\amsmath\amsmath.sty"
Package: amsmath 2013/01/14 v2.14 AMS math features
\@mathmargin=\skip43

For additional information on amsmath, use the `?' option.
("C:\Program Files (x86)\TeX\Full_TeX\texmf\tex\latex\amsmath\amstext.sty"
Package: amstext 2000/06/29 v2.01

("C:\Program Files (x86)\TeX\Full_TeX\texmf\tex\latex\amsmath\amsgen.sty"
File: amsgen.sty 1999/11/30 v2.0
\@emptytoks=\toks14
\ex@=\dimen103
))
("C:\Program Files (x86)\TeX\Full_TeX\texmf\tex\latex\amsmath\amsbsy.sty"
Package: amsbsy 1999/11/29 v1.2d
\pmbraise@=\dimen104
)
("C:\Program Files (x86)\TeX\Full_TeX\texmf\tex\latex\amsmath\amsopn.sty"
Package: amsopn 1999/12/14 v2.01 operator names
)
\inf@bad=\count87
LaTeX Info: Redefining \frac on input line 210.
\uproot@=\count88
\leftroot@=\count89
LaTeX Info: Redefining \overline on input line 306.
\classnum@=\count90
\DOTSCASE@=\count91
LaTeX Info: Redefining \ldots on input line 378.
LaTeX Info: Redefining \dots on input line 381.
LaTeX Info: Redefining \cdots on input line 466.
\Mathstrutbox@=\box26
\strutbox@=\box27
\big@size=\dimen105
LaTeX Font Info:    Redeclaring font encoding OML on input line 566.
LaTeX Font Info:    Redeclaring font encoding OMS on input line 567.
\macc@depth=\count92
\c@MaxMatrixCols=\count93
\dotsspace@=\muskip10
\c@parentequation=\count94
\dspbrk@lvl=\count95
\tag@help=\toks15
\row@=\count96
\column@=\count97
\maxfields@=\count98
\andhelp@=\toks16
\eqnshift@=\dimen106
\alignsep@=\dimen107
\tagshift@=\dimen108
\tagwidth@=\dimen109
\totwidth@=\dimen110
\lineht@=\dimen111
\@envbody=\toks17
\multlinegap=\skip44
\multlinetaggap=\skip45
\mathdisplay@stack=\toks18
LaTeX Info: Redefining \[ on input line 2665.
LaTeX Info: Redefining \] on input line 2666.
)
("C:\Program Files (x86)\TeX\Full_TeX\texmf\tex\latex\amsfonts\amssymb.sty"
Package: amssymb 2013/01/14 v3.01 AMS font symbols

("C:\Program Files (x86)\TeX\Full_TeX\texmf\tex\latex\amsfonts\amsfonts.sty"
Package: amsfonts 2013/01/14 v3.01 Basic AMSFonts support
\symAMSa=\mathgroup5
\symAMSb=\mathgroup6
LaTeX Font Info:    Overwriting math alphabet `\mathfrak' in version `bold'
(Font)                  U/euf/m/n --> U/euf/b/n on input line 106.
))
("C:\Program Files (x86)\TeX\Full_TeX\texmf\tex\latex\graphics\graphicx.sty"
Package: graphicx 1999/02/16 v1.0f Enhanced LaTeX Graphics (DPC,SPQR)

("C:\Program Files (x86)\TeX\Full_TeX\texmf\tex\latex\graphics\keyval.sty"
Package: keyval 1999/03/16 v1.13 key=value parser (DPC)
\KV@toks@=\toks19
)
("C:\Program Files (x86)\TeX\Full_TeX\texmf\tex\latex\graphics\graphics.sty"
Package: graphics 2009/02/05 v1.0o Standard LaTeX Graphics (DPC,SPQR)

("C:\Program Files (x86)\TeX\Full_TeX\texmf\tex\latex\graphics\trig.sty"
Package: trig 1999/03/16 v1.09 sin cos tan (DPC)
)
("C:\Program Files (x86)\TeX\Full_TeX\texmf\tex\latex\00miktex\graphics.cfg"
File: graphics.cfg 2007/01/18 v1.5 graphics configuration of teTeX/TeXLive
)
Package graphics Info: Driver file: pdftex.def on input line 91.

("C:\Program Files (x86)\TeX\Full_TeX\texmf\tex\latex\pdftex-def\pdftex.def"
File: pdftex.def 2011/05/27 v0.06d Graphics/color for pdfTeX

("C:\Program Files (x86)\TeX\Full_TeX\texmf\tex\generic\oberdiek\infwarerr.sty"
Package: infwarerr 2010/04/08 v1.3 Providing info/warning/error messages (HO)
) ("C:\Program Files (x86)\TeX\Full_TeX\texmf\tex\generic\oberdiek\ltxcmds.sty"
Package: ltxcmds 2011/11/09 v1.22 LaTeX kernel commands for general use (HO)
)
\Gread@gobject=\count99
))
\Gin@req@height=\dimen112
\Gin@req@width=\dimen113
) ("C:\Program Files (x86)\TeX\Full_TeX\texmf\tex\latex\wrapfig\wrapfig.sty"
\wrapoverhang=\dimen114
\WF@size=\dimen115
\c@WF@wrappedlines=\count100
\WF@box=\box28
\WF@everypar=\toks20
Package: wrapfig 2003/01/31  v 3.6
) ("C:\Program Files (x86)\TeX\Full_TeX\texmf\tex\latex\tools\multicol.sty"
Package: multicol 2011/06/27 v1.7a multicolumn formatting (FMi)
\c@tracingmulticols=\count101
\mult@box=\box29
\multicol@leftmargin=\dimen116
\c@unbalance=\count102
\c@collectmore=\count103
\doublecol@number=\count104
\multicoltolerance=\count105
\multicolpretolerance=\count106
\full@width=\dimen117
\page@free=\dimen118
\premulticols=\dimen119
\postmulticols=\dimen120
\multicolsep=\skip46
\multicolbaselineskip=\skip47
\partial@page=\box30
\last@line=\box31
\mult@rightbox=\box32
\mult@grightbox=\box33
\mult@gfirstbox=\box34
\mult@firstbox=\box35
\@tempa=\box36
\@tempa=\box37
\@tempa=\box38
\@tempa=\box39
\@tempa=\box40
\@tempa=\box41
\@tempa=\box42
\@tempa=\box43
\@tempa=\box44
\@tempa=\box45
\@tempa=\box46
\@tempa=\box47
\@tempa=\box48
\@tempa=\box49
\@tempa=\box50
\@tempa=\box51
\@tempa=\box52
\c@columnbadness=\count107
\c@finalcolumnbadness=\count108
\last@try=\dimen121
\multicolovershoot=\dimen122
\multicolundershoot=\dimen123
\mult@nat@firstbox=\box53
\colbreak@box=\box54
\multicol@sort@counter=\count109
)
("C:\Program Files (x86)\TeX\Full_TeX\texmf\tex\latex\geometry\geometry.sty"
Package: geometry 2010/09/12 v5.6 Page Geometry

("C:\Program Files (x86)\TeX\Full_TeX\texmf\tex\generic\oberdiek\ifpdf.sty"
Package: ifpdf 2011/01/30 v2.3 Provides the ifpdf switch (HO)
Package ifpdf Info: pdfTeX in PDF mode is detected.
)
("C:\Program Files (x86)\TeX\Full_TeX\texmf\tex\generic\oberdiek\ifvtex.sty"
Package: ifvtex 2010/03/01 v1.5 Detect VTeX and its facilities (HO)
Package ifvtex Info: VTeX not detected.
)
("C:\Program Files (x86)\TeX\Full_TeX\texmf\tex\generic\ifxetex\ifxetex.sty"
Package: ifxetex 2010/09/12 v0.6 Provides ifxetex conditional
)
\Gm@cnth=\count110
\Gm@cntv=\count111
\c@Gm@tempcnt=\count112
\Gm@bindingoffset=\dimen124
\Gm@wd@mp=\dimen125
\Gm@odd@mp=\dimen126
\Gm@even@mp=\dimen127
\Gm@layoutwidth=\dimen128
\Gm@layoutheight=\dimen129
\Gm@layouthoffset=\dimen130
\Gm@layoutvoffset=\dimen131
\Gm@dimlist=\toks21

("C:\Program Files (x86)\TeX\Full_TeX\texmf\tex\latex\geometry\geometry.cfg"))
("C:\Program Files (x86)\TeX\Full_TeX\texmf\tex\latex\base\fontenc.sty"
Package: fontenc 2005/09/27 v1.99g Standard LaTeX package

("C:\Program Files (x86)\TeX\Full_TeX\texmf\tex\latex\cyrillic\t2aenc.def"
File: t2aenc.def 2005/09/27 v1.0i Cyrillic encoding definition file
)
LaTeX Font Info:    Try loading font information for T2A+cmr on input line 100.


("C:\Program Files (x86)\TeX\Full_TeX\texmf\tex\latex\cyrillic\t2acmr.fd"
File: t2acmr.fd 2001/08/11 v1.0a Computer Modern Cyrillic font definitions
))
("C:\Program Files (x86)\TeX\Full_TeX\texmf\tex\generic\babel\babel.sty"
Package: babel 2008/07/08 v3.8m The Babel package

*************************************
* Local config file bblopts.cfg used
*
("C:\Program Files (x86)\TeX\Full_TeX\texmf\tex\latex\00miktex\bblopts.cfg"
File: bblopts.cfg 2006/07/31 v1.0 MiKTeX 'babel' configuration
)
("C:\Program Files (x86)\TeX\Full_TeX\texmf\tex\latex\babel-russian\russianb.ld
f"
Language: russian 2017/08/12 1.3j Russian support for the Babel system
 ("C:\Program Files (x86)\TeX\Full_TeX\texmf\tex\generic\babel\babel.def"
File: babel.def 2008/07/08 v3.8m Babel common definitions
\babel@savecnt=\count113
\U@D=\dimen132
)
Package babel Info: Making " an active character on input line 120.
Package babel Info: Default for \cyrdash is provided on input line 157.
))
("C:\Program Files (x86)\TeX\Full_TeX\texmf\tex\latex\cite\cite.sty"
LaTeX Info: Redefining \cite on input line 302.
LaTeX Info: Redefining \nocite on input line 332.
Package: cite 2015/02/27  v 5.5
)
("C:\Program Files (x86)\TeX\Full_TeX\texmf\tex\latex\listings\listings.sty"
\lst@mode=\count114
\lst@gtempboxa=\box55
\lst@token=\toks22
\lst@length=\count115
\lst@currlwidth=\dimen133
\lst@column=\count116
\lst@pos=\count117
\lst@lostspace=\dimen134
\lst@width=\dimen135
\lst@newlines=\count118
\lst@lineno=\count119
\lst@maxwidth=\dimen136

("C:\Program Files (x86)\TeX\Full_TeX\texmf\tex\latex\listings\lstmisc.sty"
File: lstmisc.sty 2018/09/02 1.7 (Carsten Heinz)
\c@lstnumber=\count120
\lst@skipnumbers=\count121
\lst@framebox=\box56
)
("C:\Program Files (x86)\TeX\Full_TeX\texmf\tex\latex\listings\listings.cfg"
File: listings.cfg 2018/09/02 1.7 listings configuration
))
Package: listings 2018/09/02 1.7 (Carsten Heinz)

("C:\Program Files (x86)\TeX\Full_TeX\texmf\tex\latex\graphics\color.sty"
Package: color 2005/11/14 v1.0j Standard LaTeX Color (DPC)

("C:\Program Files (x86)\TeX\Full_TeX\texmf\tex\latex\00miktex\color.cfg"
File: color.cfg 2007/01/18 v1.5 color configuration of teTeX/TeXLive
)
Package color Info: Driver file: pdftex.def on input line 130.
)
("D:\Downloads\Р¤РёР·РёРєР°\РџСЂРµРїСЂРёРЅС‚С‹\2019 РќРµРѕРґРЅРѕСЂРѕРґРЅРѕРµ Рј
РёРєСЂРѕРїРѕР»Рµ\Preprint_Microfield.aux")
LaTeX Font Info:    Checking defaults for OML/cmm/m/it on input line 37.
LaTeX Font Info:    ... okay on input line 37.
LaTeX Font Info:    Checking defaults for T1/cmr/m/n on input line 37.
LaTeX Font Info:    ... okay on input line 37.
LaTeX Font Info:    Checking defaults for OT1/cmr/m/n on input line 37.
LaTeX Font Info:    ... okay on input line 37.
LaTeX Font Info:    Checking defaults for OMS/cmsy/m/n on input line 37.
LaTeX Font Info:    ... okay on input line 37.
LaTeX Font Info:    Checking defaults for OMX/cmex/m/n on input line 37.
LaTeX Font Info:    ... okay on input line 37.
LaTeX Font Info:    Checking defaults for U/cmr/m/n on input line 37.
LaTeX Font Info:    ... okay on input line 37.
LaTeX Font Info:    Checking defaults for T2A/cmr/m/n on input line 37.
LaTeX Font Info:    ... okay on input line 37.

("C:\Program Files (x86)\TeX\Full_TeX\texmf\tex\context\base\supp-pdf.mkii"
[Loading MPS to PDF converter (version 2006.09.02).]
\scratchcounter=\count122
\scratchdimen=\dimen137
\scratchbox=\box57
\nofMPsegments=\count123
\nofMParguments=\count124
\everyMPshowfont=\toks23
\MPscratchCnt=\count125
\MPscratchDim=\dimen138
\MPnumerator=\count126
\makeMPintoPDFobject=\count127
\everyMPtoPDFconversion=\toks24
)
*geometry* driver: auto-detecting
*geometry* detected driver: pdftex
*geometry* verbose mode - [ preamble ] result:
* driver: pdftex
* paper: a4paper
* layout: <same size as paper>
* layoutoffset:(h,v)=(0.0pt,0.0pt)
* modes: 
* h-part:(L,W,R)=(65.44133pt, 466.62521pt, 65.44133pt)
* v-part:(T,H,B)=(56.9055pt, 731.23584pt, 56.9055pt)
* \paperwidth=597.50787pt
* \paperheight=845.04684pt
* \textwidth=466.62521pt
* \textheight=731.23584pt
* \oddsidemargin=-6.82866pt
* \evensidemargin=-6.82866pt
* \topmargin=-52.36449pt
* \headheight=12.0pt
* \headsep=25.0pt
* \topskip=12.0pt
* \footskip=30.0pt
* \marginparwidth=44.0pt
* \marginparsep=10.0pt
* \columnsep=10.0pt
* \skip\footins=10.8pt plus 4.0pt minus 2.0pt
* \hoffset=0.0pt
* \voffset=0.0pt
* \mag=1000
* \@twocolumnfalse
* \@twosidefalse
* \@mparswitchfalse
* \@reversemarginfalse
* (1in=72.27pt=25.4mm, 1cm=28.453pt)

\c@lstlisting=\count128
[1

{C:/Program Files (x86)/TeX/Full_TeX/texmf/pdftex/config/pdftex.map}]
LaTeX Font Info:    Calculating math sizes for size <14> on input line 66.
LaTeX Font Info:    Try loading font information for U+lasy on input line 66.

("C:\Program Files (x86)\TeX\Full_TeX\texmf\tex\latex\base\ulasy.fd"
File: ulasy.fd 1998/08/17 v2.2e LaTeX symbol font definitions
)
LaTeX Font Info:    Try loading font information for U+msa on input line 66.

("C:\Program Files (x86)\TeX\Full_TeX\texmf\tex\latex\amsfonts\umsa.fd"
File: umsa.fd 2013/01/14 v3.01 AMS symbols A
)
LaTeX Font Info:    Try loading font information for U+msb on input line 66.

("C:\Program Files (x86)\TeX\Full_TeX\texmf\tex\latex\amsfonts\umsb.fd"
File: umsb.fd 2013/01/14 v3.01 AMS symbols B
)
Underfull \hbox (badness 2617) in paragraph at lines 74--75
[][]\T2A/cmr/m/n/14.4 A.A. Belov, N.N. Kalitkin. Quasi-Independent Particles Mo
del for
 []

[1] <Distributions.png, id=12, 952.30782pt x 697.8572pt>
File: Distributions.png Graphic file (type png)

<use Distributions.png>
Package pdftex.def Info: Distributions.png used on input line 116.
(pdftex.def)             Requested size: 326.63622pt x 239.36604pt.


LaTeX Warning: `!h' float specifier changed to `!ht'.

[3] [4 <D:/Downloads/Р¤РёР·РёРєР°/РџСЂРµРїСЂРёРЅС‚С‹/2019 РќРµРѕРґРЅРѕСЂРѕРґРЅР
ѕРµ РјРёРєСЂРѕРїРѕР»Рµ/Distributions.png (PNG copy)>] [5] [6] [7] [8]
Overfull \hbox (26.08574pt too wide) in paragraph at lines 253--253
[] 
 []

[9] [10] <Charge_relation.png, id=48, 950.80219pt x 697.8572pt>
File: Charge_relation.png Graphic file (type png)

<use Charge_relation.png>
Package pdftex.def Info: Charge_relation.png used on input line 335.
(pdftex.def)             Requested size: 326.63622pt x 239.73874pt.


LaTeX Warning: `!h' float specifier changed to `!ht'.

[11] [12 <D:/Downloads/Р¤РёР·РёРєР°/РџСЂРµРїСЂРёРЅС‚С‹/2019 РќРµРѕРґРЅРѕСЂРѕРґР
ЅРѕРµ РјРёРєСЂРѕРїРѕР»Рµ/Charge_relation.png (PNG copy)>] [13] [14]
Underfull \hbox (badness 1292) in paragraph at lines 471--473
[]\T2A/cmr/m/n/14.4 Для прак-ти-че-ско-го ис-поль-зо-ва-ния по-лу-чен-ных рас-п
ре-де-ле-ний нуж-но
 []

[15] <Monte-Carlo.png, id=66, 950.80219pt x 698.61pt>
File: Monte-Carlo.png Graphic file (type png)
 <use Monte-Carlo.png>
Package pdftex.def Info: Monte-Carlo.png used on input line 487.
(pdftex.def)             Requested size: 326.63622pt x 239.99736pt.

[16 <D:/Downloads/Р¤РёР·РёРєР°/РџСЂРµРїСЂРёРЅС‚С‹/2019 РќРµРѕРґРЅРѕСЂРѕРґРЅРѕРµ
 РјРёРєСЂРѕРїРѕР»Рµ/Monte-Carlo.png (PNG copy)>] [17]
Underfull \hbox (badness 1762) in paragraph at lines 539--541
[]\T2A/cmr/m/n/14.4 При этом энер-гия по-ля точ-но ком-пен-си-ру-ет энер-гию эл
ек-тро-ста-ти-
 []


Underfull \hbox (badness 1221) in paragraph at lines 539--541
\T2A/cmr/m/n/14.4 че-ско-го вза-и-мо-дей-ствия, а мак-си-мум рас-пре-де-ле-ния 
до-сти-га-ет-ся при
 []

[18] [19] <Spectrum.png, id=80, 950.04938pt x 697.10437pt>
File: Spectrum.png Graphic file (type png)
 <use Spectrum.png>
Package pdftex.def Info: Spectrum.png used on input line 587.
(pdftex.def)             Requested size: 326.63622pt x 239.67159pt.

[20 <D:/Downloads/Р¤РёР·РёРєР°/РџСЂРµРїСЂРёРЅС‚С‹/2019 РќРµРѕРґРЅРѕСЂРѕРґРЅРѕРµ
 РјРёРєСЂРѕРїРѕР»Рµ/Spectrum.png>]
<Intensities.png, id=84, 950.04938pt x 697.10437pt>
File: Intensities.png Graphic file (type png)
 <use Intensities.png>
Package pdftex.def Info: Intensities.png used on input line 602.
(pdftex.def)             Requested size: 326.63622pt x 239.67159pt.

[21 <D:/Downloads/Р¤РёР·РёРєР°/РџСЂРµРїСЂРёРЅС‚С‹/2019 РќРµРѕРґРЅРѕСЂРѕРґРЅРѕРµ
 РјРёРєСЂРѕРїРѕР»Рµ/Intensities.png (PNG copy)>]
<potential.png, id=89, 950.04938pt x 698.61pt>
File: potential.png Graphic file (type png)
 <use potential.png>
Package pdftex.def Info: potential.png used on input line 617.
(pdftex.def)             Requested size: 326.63622pt x 240.18924pt.

<Detailed_compound.png, id=90, 950.80219pt x 697.8572pt>
File: Detailed_compound.png Graphic file (type png)

<use Detailed_compound.png>
Package pdftex.def Info: Detailed_compound.png used on input line 628.
(pdftex.def)             Requested size: 326.63622pt x 239.73874pt.
 [22 <D:/Downloads/Р¤РёР·РёРєР°/РџСЂРµРїСЂРёРЅС‚С‹/2019 РќРµРѕРґРЅРѕСЂРѕРґРЅРѕР
µ РјРёРєСЂРѕРїРѕР»Рµ/potential.png>] [23 <D:/Downloads/Р¤РёР·РёРєР°/РџСЂРµРїСЂР
ёРЅС‚С‹/2019 РќРµРѕРґРЅРѕСЂРѕРґРЅРѕРµ РјРёРєСЂРѕРїРѕР»Рµ/Detailed_compound.png 
(PNG copy)>] [24] [25] [26] [27] [28]
("D:\Downloads\Р¤РёР·РёРєР°\РџСЂРµРїСЂРёРЅС‚С‹\2019 РќРµРѕРґРЅРѕСЂРѕРґРЅРѕРµ Рј
РёРєСЂРѕРїРѕР»Рµ\Preprint_Microfield.aux") ) 
Here is how much of TeX's memory you used:
 5043 strings out of 493921
 68443 string characters out of 3150556
 136398 words of memory out of 3000000
 8248 multiletter control sequences out of 15000+200000
 19330 words of font info for 63 fonts, out of 3000000 for 9000
 841 hyphenation exceptions out of 8191
 27i,14n,32p,1314b,236s stack positions out of 5000i,500n,10000p,200000b,50000s
{C:/Program Files (x86)/TeX/Full_Te
X/texmf/fonts/enc/dvips/cm-super/cm-super-t2a.enc}<C:/Program Files (x86)/TeX/F
ull_TeX/texmf/fonts/type1/public/amsfonts/cm/cmbx10.pfb><C:/Program Files (x86)
/TeX/Full_TeX/texmf/fonts/type1/public/amsfonts/cm/cmbx12.pfb><C:/Program Files
 (x86)/TeX/Full_TeX/texmf/fonts/type1/public/amsfonts/cm/cmex10.pfb><C:/Program
 Files (x86)/TeX/Full_TeX/texmf/fonts/type1/public/amsfonts/cm/cmmi10.pfb><C:/P
rogram Files (x86)/TeX/Full_TeX/texmf/fonts/type1/public/amsfonts/cm/cmmi12.pfb
><C:/Program Files (x86)/TeX/Full_TeX/texmf/fonts/type1/public/amsfonts/cm/cmmi
8.pfb><C:/Program Files (x86)/TeX/Full_TeX/texmf/fonts/type1/public/amsfonts/cm
/cmr10.pfb><C:/Program Files (x86)/TeX/Full_TeX/texmf/fonts/type1/public/amsfon
ts/cm/cmr12.pfb><C:/Program Files (x86)/TeX/Full_TeX/texmf/fonts/type1/public/a
msfonts/cm/cmr8.pfb><C:/Program Files (x86)/TeX/Full_TeX/texmf/fonts/type1/publ
ic/amsfonts/cm/cmsy10.pfb><C:/Program Files (x86)/TeX/Full_TeX/texmf/fonts/type
1/public/cm-super/sfbx1440.pfb><C:/Program Files (x86)/TeX/Full_TeX/texmf/fonts
/type1/public/cm-super/sfbx1728.pfb><C:/Program Files (x86)/TeX/Full_TeX/texmf/
fonts/type1/public/cm-super/sfrm1200.pfb><C:/Program Files (x86)/TeX/Full_TeX/t
exmf/fonts/type1/public/cm-super/sfrm1440.pfb><C:/Program Files (x86)/TeX/Full_
TeX/texmf/fonts/type1/public/cm-super/sfrm2074.pfb><C:/Program Files (x86)/TeX/
Full_TeX/texmf/fonts/type1/public/cm-super/sfti1440.pfb>
Output written on Preprint_Microfield.pdf (28 pages, 673997 bytes).
PDF statistics:
 164 PDF objects out of 1000 (max. 8388607)
 0 named destinations out of 1000 (max. 500000)
 36 words of extra memory for PDF output out of 10000 (max. 10000000)

